Start testing: Mar 29 14:48 RTZ 2 (çèìà)
----------------------------------------------------------
1/21 Testing: applying-non-function-1
1/21 Test: applying-non-function-1
Command: "C:/Users/04024/Documents/stella-implementation-in-cpp/cmake-build-debug/stella-interpreter.exe" "typecheck" "../tests/ill-typed/applying-non-function-1.stella"
Directory: C:/Users/04024/Documents/stella-implementation-in-cpp/cmake-build-debug
"applying-non-function-1" start time: Mar 29 14:48 RTZ 2 (çèìà)
Output:
----------------------------------------------------------
parsing succeeded!
prog is not null
error: 4,9: semantic error
<end of output>
Test time =   0.06 sec
----------------------------------------------------------
Test Passed.
"applying-non-function-1" end time: Mar 29 14:48 RTZ 2 (çèìà)
"applying-non-function-1" time elapsed: 00:00:00
----------------------------------------------------------

2/21 Testing: applying-non-function-2
2/21 Test: applying-non-function-2
Command: "C:/Users/04024/Documents/stella-implementation-in-cpp/cmake-build-debug/stella-interpreter.exe" "typecheck" "../tests/ill-typed/applying-non-function-2.stella"
Directory: C:/Users/04024/Documents/stella-implementation-in-cpp/cmake-build-debug
"applying-non-function-2" start time: Mar 29 14:48 RTZ 2 (çèìà)
Output:
----------------------------------------------------------
parsing succeeded!
prog is not null
error: 4,9: semantic error
<end of output>
Test time =   0.02 sec
----------------------------------------------------------
Test Passed.
"applying-non-function-2" end time: Mar 29 14:48 RTZ 2 (çèìà)
"applying-non-function-2" time elapsed: 00:00:00
----------------------------------------------------------

3/21 Testing: applying-non-function-3
3/21 Test: applying-non-function-3
Command: "C:/Users/04024/Documents/stella-implementation-in-cpp/cmake-build-debug/stella-interpreter.exe" "typecheck" "../tests/ill-typed/applying-non-function-3.stella"
Directory: C:/Users/04024/Documents/stella-implementation-in-cpp/cmake-build-debug
"applying-non-function-3" start time: Mar 29 14:48 RTZ 2 (çèìà)
Output:
----------------------------------------------------------
parsing succeeded!
prog is not null
error: 4,9: semantic error
<end of output>
Test time =   0.03 sec
----------------------------------------------------------
Test Passed.
"applying-non-function-3" end time: Mar 29 14:48 RTZ 2 (çèìà)
"applying-non-function-3" time elapsed: 00:00:00
----------------------------------------------------------

4/21 Testing: argument-type-mismatch-1
4/21 Test: argument-type-mismatch-1
Command: "C:/Users/04024/Documents/stella-implementation-in-cpp/cmake-build-debug/stella-interpreter.exe" "typecheck" "../tests/ill-typed/argument-type-mismatch-1.stella"
Directory: C:/Users/04024/Documents/stella-implementation-in-cpp/cmake-build-debug
"argument-type-mismatch-1" start time: Mar 29 14:48 RTZ 2 (çèìà)
Output:
----------------------------------------------------------
parsing succeeded!
prog is not null
error: 4,9: semantic error
<end of output>
Test time =   0.03 sec
----------------------------------------------------------
Test Passed.
"argument-type-mismatch-1" end time: Mar 29 14:48 RTZ 2 (çèìà)
"argument-type-mismatch-1" time elapsed: 00:00:00
----------------------------------------------------------

5/21 Testing: argument-type-mismatch-2
5/21 Test: argument-type-mismatch-2
Command: "C:/Users/04024/Documents/stella-implementation-in-cpp/cmake-build-debug/stella-interpreter.exe" "typecheck" "../tests/ill-typed/argument-type-mismatch-2.stella"
Directory: C:/Users/04024/Documents/stella-implementation-in-cpp/cmake-build-debug
"argument-type-mismatch-2" start time: Mar 29 14:48 RTZ 2 (çèìà)
Output:
----------------------------------------------------------
parsing succeeded!
prog is not null
error: 18,9: semantic error
<end of output>
Test time =   0.10 sec
----------------------------------------------------------
Test Passed.
"argument-type-mismatch-2" end time: Mar 29 14:48 RTZ 2 (çèìà)
"argument-type-mismatch-2" time elapsed: 00:00:00
----------------------------------------------------------

6/21 Testing: argument-type-mismatch-3
6/21 Test: argument-type-mismatch-3
Command: "C:/Users/04024/Documents/stella-implementation-in-cpp/cmake-build-debug/stella-interpreter.exe" "typecheck" "../tests/ill-typed/argument-type-mismatch-3.stella"
Directory: C:/Users/04024/Documents/stella-implementation-in-cpp/cmake-build-debug
"argument-type-mismatch-3" start time: Mar 29 14:48 RTZ 2 (çèìà)
Output:
----------------------------------------------------------
parsing succeeded!
prog is not null
error: 18,9: semantic error
<end of output>
Test time =   0.03 sec
----------------------------------------------------------
Test Passed.
"argument-type-mismatch-3" end time: Mar 29 14:48 RTZ 2 (çèìà)
"argument-type-mismatch-3" time elapsed: 00:00:00
----------------------------------------------------------

7/21 Testing: bad-if-1
7/21 Test: bad-if-1
Command: "C:/Users/04024/Documents/stella-implementation-in-cpp/cmake-build-debug/stella-interpreter.exe" "typecheck" "../tests/ill-typed/bad-if-1.stella"
Directory: C:/Users/04024/Documents/stella-implementation-in-cpp/cmake-build-debug
"bad-if-1" start time: Mar 29 14:48 RTZ 2 (çèìà)
Output:
----------------------------------------------------------
parsing succeeded!
prog is not null
error: 4,11: semantic error
<end of output>
Test time =   0.03 sec
----------------------------------------------------------
Test Passed.
"bad-if-1" end time: Mar 29 14:48 RTZ 2 (çèìà)
"bad-if-1" time elapsed: 00:00:00
----------------------------------------------------------

8/21 Testing: bad-if-2
8/21 Test: bad-if-2
Command: "C:/Users/04024/Documents/stella-implementation-in-cpp/cmake-build-debug/stella-interpreter.exe" "typecheck" "../tests/ill-typed/bad-if-2.stella"
Directory: C:/Users/04024/Documents/stella-implementation-in-cpp/cmake-build-debug
"bad-if-2" start time: Mar 29 14:48 RTZ 2 (çèìà)
Output:
----------------------------------------------------------
parsing succeeded!
prog is not null
error: 4,11: semantic error
<end of output>
Test time =   0.03 sec
----------------------------------------------------------
Test Passed.
"bad-if-2" end time: Mar 29 14:48 RTZ 2 (çèìà)
"bad-if-2" time elapsed: 00:00:00
----------------------------------------------------------

9/21 Testing: bad-succ-1
9/21 Test: bad-succ-1
Command: "C:/Users/04024/Documents/stella-implementation-in-cpp/cmake-build-debug/stella-interpreter.exe" "typecheck" "../tests/ill-typed/bad-succ-1.stella"
Directory: C:/Users/04024/Documents/stella-implementation-in-cpp/cmake-build-debug
"bad-succ-1" start time: Mar 29 14:48 RTZ 2 (çèìà)
Output:
----------------------------------------------------------
parsing succeeded!
prog is not null
error: 4,39: semantic error
<end of output>
Test time =   0.03 sec
----------------------------------------------------------
Test Passed.
"bad-succ-1" end time: Mar 29 14:48 RTZ 2 (çèìà)
"bad-succ-1" time elapsed: 00:00:00
----------------------------------------------------------

10/21 Testing: bad-succ-2
10/21 Test: bad-succ-2
Command: "C:/Users/04024/Documents/stella-implementation-in-cpp/cmake-build-debug/stella-interpreter.exe" "typecheck" "../tests/ill-typed/bad-succ-2.stella"
Directory: C:/Users/04024/Documents/stella-implementation-in-cpp/cmake-build-debug
"bad-succ-2" start time: Mar 29 14:48 RTZ 2 (çèìà)
Output:
----------------------------------------------------------
parsing succeeded!
prog is not null
error: 4,11: semantic error
<end of output>
Test time =   0.04 sec
----------------------------------------------------------
Test Passed.
"bad-succ-2" end time: Mar 29 14:48 RTZ 2 (çèìà)
"bad-succ-2" time elapsed: 00:00:00
----------------------------------------------------------

11/21 Testing: bad-succ-3
11/21 Test: bad-succ-3
Command: "C:/Users/04024/Documents/stella-implementation-in-cpp/cmake-build-debug/stella-interpreter.exe" "typecheck" "../tests/ill-typed/bad-succ-3.stella"
Directory: C:/Users/04024/Documents/stella-implementation-in-cpp/cmake-build-debug
"bad-succ-3" start time: Mar 29 14:48 RTZ 2 (çèìà)
Output:
----------------------------------------------------------
parsing succeeded!
prog is not null
error: 4,11: semantic error
<end of output>
Test time =   0.05 sec
----------------------------------------------------------
Test Passed.
"bad-succ-3" end time: Mar 29 14:48 RTZ 2 (çèìà)
"bad-succ-3" time elapsed: 00:00:00
----------------------------------------------------------

12/21 Testing: shadowed-variable-1
12/21 Test: shadowed-variable-1
Command: "C:/Users/04024/Documents/stella-implementation-in-cpp/cmake-build-debug/stella-interpreter.exe" "typecheck" "../tests/ill-typed/shadowed-variable-1.stella"
Directory: C:/Users/04024/Documents/stella-implementation-in-cpp/cmake-build-debug
"shadowed-variable-1" start time: Mar 29 14:48 RTZ 2 (çèìà)
Output:
----------------------------------------------------------
parsing succeeded!
prog is not null
error: 13,15: semantic error
<end of output>
Test time =   0.04 sec
----------------------------------------------------------
Test Passed.
"shadowed-variable-1" end time: Mar 29 14:48 RTZ 2 (çèìà)
"shadowed-variable-1" time elapsed: 00:00:00
----------------------------------------------------------

13/21 Testing: undefined-variable-1
13/21 Test: undefined-variable-1
Command: "C:/Users/04024/Documents/stella-implementation-in-cpp/cmake-build-debug/stella-interpreter.exe" "typecheck" "../tests/ill-typed/undefined-variable-1.stella"
Directory: C:/Users/04024/Documents/stella-implementation-in-cpp/cmake-build-debug
"undefined-variable-1" start time: Mar 29 14:48 RTZ 2 (çèìà)
Output:
----------------------------------------------------------
parsing succeeded!
prog is not null
error: undefined variable
<end of output>
Test time =   0.03 sec
----------------------------------------------------------
Test Passed.
"undefined-variable-1" end time: Mar 29 14:48 RTZ 2 (çèìà)
"undefined-variable-1" time elapsed: 00:00:00
----------------------------------------------------------

14/21 Testing: undefined-variable-2
14/21 Test: undefined-variable-2
Command: "C:/Users/04024/Documents/stella-implementation-in-cpp/cmake-build-debug/stella-interpreter.exe" "typecheck" "../tests/ill-typed/undefined-variable-2.stella"
Directory: C:/Users/04024/Documents/stella-implementation-in-cpp/cmake-build-debug
"undefined-variable-2" start time: Mar 29 14:48 RTZ 2 (çèìà)
Output:
----------------------------------------------------------
parsing succeeded!
prog is not null
error: undefined variable
<end of output>
Test time =   0.03 sec
----------------------------------------------------------
Test Passed.
"undefined-variable-2" end time: Mar 29 14:48 RTZ 2 (çèìà)
"undefined-variable-2" time elapsed: 00:00:00
----------------------------------------------------------

15/21 Testing: bad-squares-1
15/21 Test: bad-squares-1
Command: "C:/Users/04024/Documents/stella-implementation-in-cpp/cmake-build-debug/stella-interpreter.exe" "typecheck" "../tests/ill-typed/bad-squares-1.stella"
Directory: C:/Users/04024/Documents/stella-implementation-in-cpp/cmake-build-debug
"bad-squares-1" start time: Mar 29 14:48 RTZ 2 (çèìà)
Output:
----------------------------------------------------------
parsing succeeded!
prog is not null
error: 1,15: semantic error
<end of output>
Test time =   0.03 sec
----------------------------------------------------------
Test Passed.
"bad-squares-1" end time: Mar 29 14:48 RTZ 2 (çèìà)
"bad-squares-1" time elapsed: 00:00:00
----------------------------------------------------------

16/21 Testing: bad-squares-2
16/21 Test: bad-squares-2
Command: "C:/Users/04024/Documents/stella-implementation-in-cpp/cmake-build-debug/stella-interpreter.exe" "typecheck" "../tests/ill-typed/bad-squares-2.stella"
Directory: C:/Users/04024/Documents/stella-implementation-in-cpp/cmake-build-debug
"bad-squares-2" start time: Mar 29 14:48 RTZ 2 (çèìà)
Output:
----------------------------------------------------------
parsing succeeded!
prog is not null
error: 12,1: semantic error
<end of output>
Test time =   0.02 sec
----------------------------------------------------------
Test Passed.
"bad-squares-2" end time: Mar 29 14:48 RTZ 2 (çèìà)
"bad-squares-2" time elapsed: 00:00:00
----------------------------------------------------------

17/21 Testing: factorial
17/21 Test: factorial
Command: "C:/Users/04024/Documents/stella-implementation-in-cpp/cmake-build-debug/stella-interpreter.exe" "typecheck" "../tests/well-typed/factorial.stella"
Directory: C:/Users/04024/Documents/stella-implementation-in-cpp/cmake-build-debug
"factorial" start time: Mar 29 14:48 RTZ 2 (çèìà)
Output:
----------------------------------------------------------
parsing succeeded!
prog is not null
<end of output>
Test time =   0.04 sec
----------------------------------------------------------
Test Passed.
"factorial" end time: Mar 29 14:48 RTZ 2 (çèìà)
"factorial" time elapsed: 00:00:00
----------------------------------------------------------

18/21 Testing: increment_twice
18/21 Test: increment_twice
Command: "C:/Users/04024/Documents/stella-implementation-in-cpp/cmake-build-debug/stella-interpreter.exe" "typecheck" "../tests/well-typed/increment_twice.stella"
Directory: C:/Users/04024/Documents/stella-implementation-in-cpp/cmake-build-debug
"increment_twice" start time: Mar 29 14:48 RTZ 2 (çèìà)
Output:
----------------------------------------------------------
parsing succeeded!
prog is not null
<end of output>
Test time =   0.03 sec
----------------------------------------------------------
Test Passed.
"increment_twice" end time: Mar 29 14:48 RTZ 2 (çèìà)
"increment_twice" time elapsed: 00:00:00
----------------------------------------------------------

19/21 Testing: higher-order-1
19/21 Test: higher-order-1
Command: "C:/Users/04024/Documents/stella-implementation-in-cpp/cmake-build-debug/stella-interpreter.exe" "typecheck" "../tests/well-typed/higher-order-1.stella"
Directory: C:/Users/04024/Documents/stella-implementation-in-cpp/cmake-build-debug
"higher-order-1" start time: Mar 29 14:48 RTZ 2 (çèìà)
Output:
----------------------------------------------------------
parsing succeeded!
prog is not null
<end of output>
Test time =   0.04 sec
----------------------------------------------------------
Test Passed.
"higher-order-1" end time: Mar 29 14:48 RTZ 2 (çèìà)
"higher-order-1" time elapsed: 00:00:00
----------------------------------------------------------

20/21 Testing: logical-operators
20/21 Test: logical-operators
Command: "C:/Users/04024/Documents/stella-implementation-in-cpp/cmake-build-debug/stella-interpreter.exe" "typecheck" "../tests/well-typed/logical-operators.stella"
Directory: C:/Users/04024/Documents/stella-implementation-in-cpp/cmake-build-debug
"logical-operators" start time: Mar 29 14:48 RTZ 2 (çèìà)
Output:
----------------------------------------------------------
parsing succeeded!
prog is not null
<end of output>
Test time =   0.03 sec
----------------------------------------------------------
Test Passed.
"logical-operators" end time: Mar 29 14:48 RTZ 2 (çèìà)
"logical-operators" time elapsed: 00:00:00
----------------------------------------------------------

21/21 Testing: squares
21/21 Test: squares
Command: "C:/Users/04024/Documents/stella-implementation-in-cpp/cmake-build-debug/stella-interpreter.exe" "typecheck" "../tests/well-typed/squares.stella"
Directory: C:/Users/04024/Documents/stella-implementation-in-cpp/cmake-build-debug
"squares" start time: Mar 29 14:48 RTZ 2 (çèìà)
Output:
----------------------------------------------------------
parsing succeeded!
prog is not null
<end of output>
Test time =   0.03 sec
----------------------------------------------------------
Test Passed.
"squares" end time: Mar 29 14:48 RTZ 2 (çèìà)
"squares" time elapsed: 00:00:00
----------------------------------------------------------

End testing: Mar 29 14:48 RTZ 2 (çèìà)
