Start testing: Mar 29 15:37 RTZ 2 (çèìà)
----------------------------------------------------------
1/34 Testing: applying-non-function-1
1/34 Test: applying-non-function-1
Command: "C:/Users/04024/Documents/stella-implementation-in-cpp/cmake-build-debug/stella-interpreter.exe" "typecheck" "../tests/ill-typed/applying-non-function-1.stella"
Directory: C:/Users/04024/Documents/stella-implementation-in-cpp/cmake-build-debug
"applying-non-function-1" start time: Mar 29 15:37 RTZ 2 (çèìà)
Output:
----------------------------------------------------------
parsing succeeded!
prog is not null
error: 4,9: semantic error
<end of output>
Test time =   0.02 sec
----------------------------------------------------------
Test Passed.
"applying-non-function-1" end time: Mar 29 15:37 RTZ 2 (çèìà)
"applying-non-function-1" time elapsed: 00:00:00
----------------------------------------------------------

2/34 Testing: applying-non-function-2
2/34 Test: applying-non-function-2
Command: "C:/Users/04024/Documents/stella-implementation-in-cpp/cmake-build-debug/stella-interpreter.exe" "typecheck" "../tests/ill-typed/applying-non-function-2.stella"
Directory: C:/Users/04024/Documents/stella-implementation-in-cpp/cmake-build-debug
"applying-non-function-2" start time: Mar 29 15:37 RTZ 2 (çèìà)
Output:
----------------------------------------------------------
parsing succeeded!
prog is not null
error: 4,9: semantic error
<end of output>
Test time =   0.02 sec
----------------------------------------------------------
Test Passed.
"applying-non-function-2" end time: Mar 29 15:37 RTZ 2 (çèìà)
"applying-non-function-2" time elapsed: 00:00:00
----------------------------------------------------------

3/34 Testing: applying-non-function-3
3/34 Test: applying-non-function-3
Command: "C:/Users/04024/Documents/stella-implementation-in-cpp/cmake-build-debug/stella-interpreter.exe" "typecheck" "../tests/ill-typed/applying-non-function-3.stella"
Directory: C:/Users/04024/Documents/stella-implementation-in-cpp/cmake-build-debug
"applying-non-function-3" start time: Mar 29 15:37 RTZ 2 (çèìà)
Output:
----------------------------------------------------------
parsing succeeded!
prog is not null
error: 4,9: semantic error
<end of output>
Test time =   0.03 sec
----------------------------------------------------------
Test Passed.
"applying-non-function-3" end time: Mar 29 15:37 RTZ 2 (çèìà)
"applying-non-function-3" time elapsed: 00:00:00
----------------------------------------------------------

4/34 Testing: argument-type-mismatch-1
4/34 Test: argument-type-mismatch-1
Command: "C:/Users/04024/Documents/stella-implementation-in-cpp/cmake-build-debug/stella-interpreter.exe" "typecheck" "../tests/ill-typed/argument-type-mismatch-1.stella"
Directory: C:/Users/04024/Documents/stella-implementation-in-cpp/cmake-build-debug
"argument-type-mismatch-1" start time: Mar 29 15:37 RTZ 2 (çèìà)
Output:
----------------------------------------------------------
parsing succeeded!
prog is not null
error: 4,9: semantic error
<end of output>
Test time =   0.02 sec
----------------------------------------------------------
Test Passed.
"argument-type-mismatch-1" end time: Mar 29 15:37 RTZ 2 (çèìà)
"argument-type-mismatch-1" time elapsed: 00:00:00
----------------------------------------------------------

5/34 Testing: argument-type-mismatch-2
5/34 Test: argument-type-mismatch-2
Command: "C:/Users/04024/Documents/stella-implementation-in-cpp/cmake-build-debug/stella-interpreter.exe" "typecheck" "../tests/ill-typed/argument-type-mismatch-2.stella"
Directory: C:/Users/04024/Documents/stella-implementation-in-cpp/cmake-build-debug
"argument-type-mismatch-2" start time: Mar 29 15:37 RTZ 2 (çèìà)
Output:
----------------------------------------------------------
parsing succeeded!
prog is not null
error: 18,9: semantic error
<end of output>
Test time =   0.05 sec
----------------------------------------------------------
Test Passed.
"argument-type-mismatch-2" end time: Mar 29 15:37 RTZ 2 (çèìà)
"argument-type-mismatch-2" time elapsed: 00:00:00
----------------------------------------------------------

6/34 Testing: argument-type-mismatch-3
6/34 Test: argument-type-mismatch-3
Command: "C:/Users/04024/Documents/stella-implementation-in-cpp/cmake-build-debug/stella-interpreter.exe" "typecheck" "../tests/ill-typed/argument-type-mismatch-3.stella"
Directory: C:/Users/04024/Documents/stella-implementation-in-cpp/cmake-build-debug
"argument-type-mismatch-3" start time: Mar 29 15:37 RTZ 2 (çèìà)
Output:
----------------------------------------------------------
parsing succeeded!
prog is not null
error: 18,9: semantic error
<end of output>
Test time =   0.05 sec
----------------------------------------------------------
Test Passed.
"argument-type-mismatch-3" end time: Mar 29 15:37 RTZ 2 (çèìà)
"argument-type-mismatch-3" time elapsed: 00:00:00
----------------------------------------------------------

7/34 Testing: bad-add-1
7/34 Test: bad-add-1
Command: "C:/Users/04024/Documents/stella-implementation-in-cpp/cmake-build-debug/stella-interpreter.exe" "typecheck" "../tests/ill-typed/bad-add-1.stella"
Directory: C:/Users/04024/Documents/stella-implementation-in-cpp/cmake-build-debug
"bad-add-1" start time: Mar 29 15:37 RTZ 2 (çèìà)
Output:
----------------------------------------------------------
parsing succeeded!
prog is not null
error: 4,11: semantic error
<end of output>
Test time =   0.06 sec
----------------------------------------------------------
Test Passed.
"bad-add-1" end time: Mar 29 15:37 RTZ 2 (çèìà)
"bad-add-1" time elapsed: 00:00:00
----------------------------------------------------------

8/34 Testing: bad-cmp-1
8/34 Test: bad-cmp-1
Command: "C:/Users/04024/Documents/stella-implementation-in-cpp/cmake-build-debug/stella-interpreter.exe" "typecheck" "../tests/ill-typed/bad-cmp-1.stella"
Directory: C:/Users/04024/Documents/stella-implementation-in-cpp/cmake-build-debug
"bad-cmp-1" start time: Mar 29 15:37 RTZ 2 (çèìà)
Output:
----------------------------------------------------------
parsing succeeded!
prog is not null
error: 4,14: semantic error
<end of output>
Test time =   0.04 sec
----------------------------------------------------------
Test Passed.
"bad-cmp-1" end time: Mar 29 15:37 RTZ 2 (çèìà)
"bad-cmp-1" time elapsed: 00:00:00
----------------------------------------------------------

9/34 Testing: bad-cmp-2
9/34 Test: bad-cmp-2
Command: "C:/Users/04024/Documents/stella-implementation-in-cpp/cmake-build-debug/stella-interpreter.exe" "typecheck" "../tests/ill-typed/bad-cmp-2.stella"
Directory: C:/Users/04024/Documents/stella-implementation-in-cpp/cmake-build-debug
"bad-cmp-2" start time: Mar 29 15:37 RTZ 2 (çèìà)
Output:
----------------------------------------------------------
parsing succeeded!
prog is not null
error: 4,14: semantic error
<end of output>
Test time =   0.03 sec
----------------------------------------------------------
Test Passed.
"bad-cmp-2" end time: Mar 29 15:37 RTZ 2 (çèìà)
"bad-cmp-2" time elapsed: 00:00:00
----------------------------------------------------------

10/34 Testing: bad-cmp-3
10/34 Test: bad-cmp-3
Command: "C:/Users/04024/Documents/stella-implementation-in-cpp/cmake-build-debug/stella-interpreter.exe" "typecheck" "../tests/ill-typed/bad-cmp-3.stella"
Directory: C:/Users/04024/Documents/stella-implementation-in-cpp/cmake-build-debug
"bad-cmp-3" start time: Mar 29 15:37 RTZ 2 (çèìà)
Output:
----------------------------------------------------------
parsing succeeded!
prog is not null
error: 4,14: semantic error
<end of output>
Test time =   0.04 sec
----------------------------------------------------------
Test Passed.
"bad-cmp-3" end time: Mar 29 15:37 RTZ 2 (çèìà)
"bad-cmp-3" time elapsed: 00:00:00
----------------------------------------------------------

11/34 Testing: bad-cmp-4
11/34 Test: bad-cmp-4
Command: "C:/Users/04024/Documents/stella-implementation-in-cpp/cmake-build-debug/stella-interpreter.exe" "typecheck" "../tests/ill-typed/bad-cmp-4.stella"
Directory: C:/Users/04024/Documents/stella-implementation-in-cpp/cmake-build-debug
"bad-cmp-4" start time: Mar 29 15:37 RTZ 2 (çèìà)
Output:
----------------------------------------------------------
parsing succeeded!
prog is not null
error: 4,14: semantic error
<end of output>
Test time =   0.03 sec
----------------------------------------------------------
Test Passed.
"bad-cmp-4" end time: Mar 29 15:37 RTZ 2 (çèìà)
"bad-cmp-4" time elapsed: 00:00:00
----------------------------------------------------------

12/34 Testing: bad-cmp-5
12/34 Test: bad-cmp-5
Command: "C:/Users/04024/Documents/stella-implementation-in-cpp/cmake-build-debug/stella-interpreter.exe" "typecheck" "../tests/ill-typed/bad-cmp-5.stella"
Directory: C:/Users/04024/Documents/stella-implementation-in-cpp/cmake-build-debug
"bad-cmp-5" start time: Mar 29 15:37 RTZ 2 (çèìà)
Output:
----------------------------------------------------------
parsing succeeded!
prog is not null
error: 4,14: semantic error
<end of output>
Test time =   0.03 sec
----------------------------------------------------------
Test Passed.
"bad-cmp-5" end time: Mar 29 15:37 RTZ 2 (çèìà)
"bad-cmp-5" time elapsed: 00:00:00
----------------------------------------------------------

13/34 Testing: bad-cmp-6
13/34 Test: bad-cmp-6
Command: "C:/Users/04024/Documents/stella-implementation-in-cpp/cmake-build-debug/stella-interpreter.exe" "typecheck" "../tests/ill-typed/bad-cmp-6.stella"
Directory: C:/Users/04024/Documents/stella-implementation-in-cpp/cmake-build-debug
"bad-cmp-6" start time: Mar 29 15:37 RTZ 2 (çèìà)
Output:
----------------------------------------------------------
parsing succeeded!
prog is not null
error: 4,14: semantic error
<end of output>
Test time =   0.03 sec
----------------------------------------------------------
Test Passed.
"bad-cmp-6" end time: Mar 29 15:37 RTZ 2 (çèìà)
"bad-cmp-6" time elapsed: 00:00:00
----------------------------------------------------------

14/34 Testing: bad-if-1
14/34 Test: bad-if-1
Command: "C:/Users/04024/Documents/stella-implementation-in-cpp/cmake-build-debug/stella-interpreter.exe" "typecheck" "../tests/ill-typed/bad-if-1.stella"
Directory: C:/Users/04024/Documents/stella-implementation-in-cpp/cmake-build-debug
"bad-if-1" start time: Mar 29 15:37 RTZ 2 (çèìà)
Output:
----------------------------------------------------------
parsing succeeded!
prog is not null
error: 4,11: semantic error
<end of output>
Test time =   0.03 sec
----------------------------------------------------------
Test Passed.
"bad-if-1" end time: Mar 29 15:37 RTZ 2 (çèìà)
"bad-if-1" time elapsed: 00:00:00
----------------------------------------------------------

15/34 Testing: bad-if-2
15/34 Test: bad-if-2
Command: "C:/Users/04024/Documents/stella-implementation-in-cpp/cmake-build-debug/stella-interpreter.exe" "typecheck" "../tests/ill-typed/bad-if-2.stella"
Directory: C:/Users/04024/Documents/stella-implementation-in-cpp/cmake-build-debug
"bad-if-2" start time: Mar 29 15:37 RTZ 2 (çèìà)
Output:
----------------------------------------------------------
parsing succeeded!
prog is not null
error: 4,11: semantic error
<end of output>
Test time =   0.03 sec
----------------------------------------------------------
Test Passed.
"bad-if-2" end time: Mar 29 15:37 RTZ 2 (çèìà)
"bad-if-2" time elapsed: 00:00:00
----------------------------------------------------------

16/34 Testing: bad-logic-and-1
16/34 Test: bad-logic-and-1
Command: "C:/Users/04024/Documents/stella-implementation-in-cpp/cmake-build-debug/stella-interpreter.exe" "typecheck" "../tests/ill-typed/bad-logic-and-1.stella"
Directory: C:/Users/04024/Documents/stella-implementation-in-cpp/cmake-build-debug
"bad-logic-and-1" start time: Mar 29 15:37 RTZ 2 (çèìà)
Output:
----------------------------------------------------------
parsing succeeded!
prog is not null
error: 4,11: semantic error
<end of output>
Test time =   0.02 sec
----------------------------------------------------------
Test Passed.
"bad-logic-and-1" end time: Mar 29 15:37 RTZ 2 (çèìà)
"bad-logic-and-1" time elapsed: 00:00:00
----------------------------------------------------------

17/34 Testing: bad-logic-not-1
17/34 Test: bad-logic-not-1
Command: "C:/Users/04024/Documents/stella-implementation-in-cpp/cmake-build-debug/stella-interpreter.exe" "typecheck" "../tests/ill-typed/bad-logic-not-1.stella"
Directory: C:/Users/04024/Documents/stella-implementation-in-cpp/cmake-build-debug
"bad-logic-not-1" start time: Mar 29 15:37 RTZ 2 (çèìà)
Output:
----------------------------------------------------------
parsing succeeded!
prog is not null
error: undefined variable
<end of output>
Test time =   0.03 sec
----------------------------------------------------------
Test Passed.
"bad-logic-not-1" end time: Mar 29 15:37 RTZ 2 (çèìà)
"bad-logic-not-1" time elapsed: 00:00:00
----------------------------------------------------------

18/34 Testing: bad-logic-or-1
18/34 Test: bad-logic-or-1
Command: "C:/Users/04024/Documents/stella-implementation-in-cpp/cmake-build-debug/stella-interpreter.exe" "typecheck" "../tests/ill-typed/bad-logic-or-1.stella"
Directory: C:/Users/04024/Documents/stella-implementation-in-cpp/cmake-build-debug
"bad-logic-or-1" start time: Mar 29 15:37 RTZ 2 (çèìà)
Output:
----------------------------------------------------------
parsing succeeded!
prog is not null
error: 4,11: semantic error
<end of output>
Test time =   0.03 sec
----------------------------------------------------------
Test Passed.
"bad-logic-or-1" end time: Mar 29 15:37 RTZ 2 (çèìà)
"bad-logic-or-1" time elapsed: 00:00:00
----------------------------------------------------------

19/34 Testing: bad-multiply-1
19/34 Test: bad-multiply-1
Command: "C:/Users/04024/Documents/stella-implementation-in-cpp/cmake-build-debug/stella-interpreter.exe" "typecheck" "../tests/ill-typed/bad-multiply-1.stella"
Directory: C:/Users/04024/Documents/stella-implementation-in-cpp/cmake-build-debug
"bad-multiply-1" start time: Mar 29 15:37 RTZ 2 (çèìà)
Output:
----------------------------------------------------------
parsing succeeded!
prog is not null
error: 4,11: semantic error
<end of output>
Test time =   0.02 sec
----------------------------------------------------------
Test Passed.
"bad-multiply-1" end time: Mar 29 15:37 RTZ 2 (çèìà)
"bad-multiply-1" time elapsed: 00:00:00
----------------------------------------------------------

20/34 Testing: bad-succ-1
20/34 Test: bad-succ-1
Command: "C:/Users/04024/Documents/stella-implementation-in-cpp/cmake-build-debug/stella-interpreter.exe" "typecheck" "../tests/ill-typed/bad-succ-1.stella"
Directory: C:/Users/04024/Documents/stella-implementation-in-cpp/cmake-build-debug
"bad-succ-1" start time: Mar 29 15:37 RTZ 2 (çèìà)
Output:
----------------------------------------------------------
parsing succeeded!
prog is not null
error: 4,39: semantic error
<end of output>
Test time =   0.02 sec
----------------------------------------------------------
Test Passed.
"bad-succ-1" end time: Mar 29 15:37 RTZ 2 (çèìà)
"bad-succ-1" time elapsed: 00:00:00
----------------------------------------------------------

21/34 Testing: bad-succ-2
21/34 Test: bad-succ-2
Command: "C:/Users/04024/Documents/stella-implementation-in-cpp/cmake-build-debug/stella-interpreter.exe" "typecheck" "../tests/ill-typed/bad-succ-2.stella"
Directory: C:/Users/04024/Documents/stella-implementation-in-cpp/cmake-build-debug
"bad-succ-2" start time: Mar 29 15:37 RTZ 2 (çèìà)
Output:
----------------------------------------------------------
parsing succeeded!
prog is not null
error: 4,11: semantic error
<end of output>
Test time =   0.03 sec
----------------------------------------------------------
Test Passed.
"bad-succ-2" end time: Mar 29 15:37 RTZ 2 (çèìà)
"bad-succ-2" time elapsed: 00:00:00
----------------------------------------------------------

22/34 Testing: bad-succ-3
22/34 Test: bad-succ-3
Command: "C:/Users/04024/Documents/stella-implementation-in-cpp/cmake-build-debug/stella-interpreter.exe" "typecheck" "../tests/ill-typed/bad-succ-3.stella"
Directory: C:/Users/04024/Documents/stella-implementation-in-cpp/cmake-build-debug
"bad-succ-3" start time: Mar 29 15:37 RTZ 2 (çèìà)
Output:
----------------------------------------------------------
parsing succeeded!
prog is not null
error: 4,11: semantic error
<end of output>
Test time =   0.03 sec
----------------------------------------------------------
Test Passed.
"bad-succ-3" end time: Mar 29 15:37 RTZ 2 (çèìà)
"bad-succ-3" time elapsed: 00:00:00
----------------------------------------------------------

23/34 Testing: shadowed-variable-1
23/34 Test: shadowed-variable-1
Command: "C:/Users/04024/Documents/stella-implementation-in-cpp/cmake-build-debug/stella-interpreter.exe" "typecheck" "../tests/ill-typed/shadowed-variable-1.stella"
Directory: C:/Users/04024/Documents/stella-implementation-in-cpp/cmake-build-debug
"shadowed-variable-1" start time: Mar 29 15:37 RTZ 2 (çèìà)
Output:
----------------------------------------------------------
parsing succeeded!
prog is not null
error: 13,15: semantic error
<end of output>
Test time =   0.02 sec
----------------------------------------------------------
Test Passed.
"shadowed-variable-1" end time: Mar 29 15:37 RTZ 2 (çèìà)
"shadowed-variable-1" time elapsed: 00:00:00
----------------------------------------------------------

24/34 Testing: undefined-variable-1
24/34 Test: undefined-variable-1
Command: "C:/Users/04024/Documents/stella-implementation-in-cpp/cmake-build-debug/stella-interpreter.exe" "typecheck" "../tests/ill-typed/undefined-variable-1.stella"
Directory: C:/Users/04024/Documents/stella-implementation-in-cpp/cmake-build-debug
"undefined-variable-1" start time: Mar 29 15:37 RTZ 2 (çèìà)
Output:
----------------------------------------------------------
parsing succeeded!
prog is not null
error: undefined variable
<end of output>
Test time =   0.02 sec
----------------------------------------------------------
Test Passed.
"undefined-variable-1" end time: Mar 29 15:37 RTZ 2 (çèìà)
"undefined-variable-1" time elapsed: 00:00:00
----------------------------------------------------------

25/34 Testing: undefined-variable-2
25/34 Test: undefined-variable-2
Command: "C:/Users/04024/Documents/stella-implementation-in-cpp/cmake-build-debug/stella-interpreter.exe" "typecheck" "../tests/ill-typed/undefined-variable-2.stella"
Directory: C:/Users/04024/Documents/stella-implementation-in-cpp/cmake-build-debug
"undefined-variable-2" start time: Mar 29 15:37 RTZ 2 (çèìà)
Output:
----------------------------------------------------------
parsing succeeded!
prog is not null
error: undefined variable
<end of output>
Test time =   0.03 sec
----------------------------------------------------------
Test Passed.
"undefined-variable-2" end time: Mar 29 15:37 RTZ 2 (çèìà)
"undefined-variable-2" time elapsed: 00:00:00
----------------------------------------------------------

26/34 Testing: bad-squares-1
26/34 Test: bad-squares-1
Command: "C:/Users/04024/Documents/stella-implementation-in-cpp/cmake-build-debug/stella-interpreter.exe" "typecheck" "../tests/ill-typed/bad-squares-1.stella"
Directory: C:/Users/04024/Documents/stella-implementation-in-cpp/cmake-build-debug
"bad-squares-1" start time: Mar 29 15:37 RTZ 2 (çèìà)
Output:
----------------------------------------------------------
parsing succeeded!
prog is not null
error: 1,15: semantic error
<end of output>
Test time =   0.03 sec
----------------------------------------------------------
Test Passed.
"bad-squares-1" end time: Mar 29 15:37 RTZ 2 (çèìà)
"bad-squares-1" time elapsed: 00:00:00
----------------------------------------------------------

27/34 Testing: bad-squares-2
27/34 Test: bad-squares-2
Command: "C:/Users/04024/Documents/stella-implementation-in-cpp/cmake-build-debug/stella-interpreter.exe" "typecheck" "../tests/ill-typed/bad-squares-2.stella"
Directory: C:/Users/04024/Documents/stella-implementation-in-cpp/cmake-build-debug
"bad-squares-2" start time: Mar 29 15:37 RTZ 2 (çèìà)
Output:
----------------------------------------------------------
parsing succeeded!
prog is not null
error: 12,1: semantic error
<end of output>
Test time =   0.03 sec
----------------------------------------------------------
Test Passed.
"bad-squares-2" end time: Mar 29 15:37 RTZ 2 (çèìà)
"bad-squares-2" time elapsed: 00:00:00
----------------------------------------------------------

28/34 Testing: factorial
28/34 Test: factorial
Command: "C:/Users/04024/Documents/stella-implementation-in-cpp/cmake-build-debug/stella-interpreter.exe" "typecheck" "../tests/well-typed/factorial.stella"
Directory: C:/Users/04024/Documents/stella-implementation-in-cpp/cmake-build-debug
"factorial" start time: Mar 29 15:37 RTZ 2 (çèìà)
Output:
----------------------------------------------------------
parsing succeeded!
prog is not null
<end of output>
Test time =   0.03 sec
----------------------------------------------------------
Test Passed.
"factorial" end time: Mar 29 15:37 RTZ 2 (çèìà)
"factorial" time elapsed: 00:00:00
----------------------------------------------------------

29/34 Testing: higher-order-1
29/34 Test: higher-order-1
Command: "C:/Users/04024/Documents/stella-implementation-in-cpp/cmake-build-debug/stella-interpreter.exe" "typecheck" "../tests/well-typed/higher-order-1.stella"
Directory: C:/Users/04024/Documents/stella-implementation-in-cpp/cmake-build-debug
"higher-order-1" start time: Mar 29 15:37 RTZ 2 (çèìà)
Output:
----------------------------------------------------------
parsing succeeded!
prog is not null
<end of output>
Test time =   0.02 sec
----------------------------------------------------------
Test Passed.
"higher-order-1" end time: Mar 29 15:37 RTZ 2 (çèìà)
"higher-order-1" time elapsed: 00:00:00
----------------------------------------------------------

30/34 Testing: increment_twice
30/34 Test: increment_twice
Command: "C:/Users/04024/Documents/stella-implementation-in-cpp/cmake-build-debug/stella-interpreter.exe" "typecheck" "../tests/well-typed/increment_twice.stella"
Directory: C:/Users/04024/Documents/stella-implementation-in-cpp/cmake-build-debug
"increment_twice" start time: Mar 29 15:37 RTZ 2 (çèìà)
Output:
----------------------------------------------------------
parsing succeeded!
prog is not null
<end of output>
Test time =   0.02 sec
----------------------------------------------------------
Test Passed.
"increment_twice" end time: Mar 29 15:37 RTZ 2 (çèìà)
"increment_twice" time elapsed: 00:00:00
----------------------------------------------------------

31/34 Testing: list-op
31/34 Test: list-op
Command: "C:/Users/04024/Documents/stella-implementation-in-cpp/cmake-build-debug/stella-interpreter.exe" "typecheck" "../tests/well-typed/list-op.stella"
Directory: C:/Users/04024/Documents/stella-implementation-in-cpp/cmake-build-debug
"list-op" start time: Mar 29 15:37 RTZ 2 (çèìà)
Output:
----------------------------------------------------------
parsing succeeded!
prog is not null
<end of output>
Test time =   0.02 sec
----------------------------------------------------------
Test Passed.
"list-op" end time: Mar 29 15:37 RTZ 2 (çèìà)
"list-op" time elapsed: 00:00:00
----------------------------------------------------------

32/34 Testing: logic-cmp
32/34 Test: logic-cmp
Command: "C:/Users/04024/Documents/stella-implementation-in-cpp/cmake-build-debug/stella-interpreter.exe" "typecheck" "../tests/well-typed/logic-cmp.stella"
Directory: C:/Users/04024/Documents/stella-implementation-in-cpp/cmake-build-debug
"logic-cmp" start time: Mar 29 15:37 RTZ 2 (çèìà)
Output:
----------------------------------------------------------
parsing succeeded!
prog is not null
<end of output>
Test time =   0.04 sec
----------------------------------------------------------
Test Passed.
"logic-cmp" end time: Mar 29 15:37 RTZ 2 (çèìà)
"logic-cmp" time elapsed: 00:00:00
----------------------------------------------------------

33/34 Testing: logical-operators
33/34 Test: logical-operators
Command: "C:/Users/04024/Documents/stella-implementation-in-cpp/cmake-build-debug/stella-interpreter.exe" "typecheck" "../tests/well-typed/logical-operators.stella"
Directory: C:/Users/04024/Documents/stella-implementation-in-cpp/cmake-build-debug
"logical-operators" start time: Mar 29 15:37 RTZ 2 (çèìà)
Output:
----------------------------------------------------------
parsing succeeded!
prog is not null
<end of output>
Test time =   0.03 sec
----------------------------------------------------------
Test Passed.
"logical-operators" end time: Mar 29 15:37 RTZ 2 (çèìà)
"logical-operators" time elapsed: 00:00:00
----------------------------------------------------------

34/34 Testing: squares
34/34 Test: squares
Command: "C:/Users/04024/Documents/stella-implementation-in-cpp/cmake-build-debug/stella-interpreter.exe" "typecheck" "../tests/well-typed/squares.stella"
Directory: C:/Users/04024/Documents/stella-implementation-in-cpp/cmake-build-debug
"squares" start time: Mar 29 15:37 RTZ 2 (çèìà)
Output:
----------------------------------------------------------
parsing succeeded!
prog is not null
<end of output>
Test time =   0.04 sec
----------------------------------------------------------
Test Passed.
"squares" end time: Mar 29 15:37 RTZ 2 (çèìà)
"squares" time elapsed: 00:00:00
----------------------------------------------------------

End testing: Mar 29 15:37 RTZ 2 (çèìà)
